Copyright 1986-2017 Xilinx, Inc. All Rights Reserved.
------------------------------------------------------------------------------------------
| Tool Version      : Vivado v.2017.2 (lin64) Build 1909853 Thu Jun 15 18:39:10 MDT 2017
| Date              : Thu Aug 16 10:33:20 2018
| Host              : ip-172-31-17-116.us-west-2.compute.internal running 64-bit unknown
| Command           : report_clock_utilization -file Clone_SobelPiP/clock_utilization.rpt
| Design            : Clone_SobelPiP
| Device            : xcku040-ffva1156
| Speed File        : -2  PRODUCTION 1.23 03-22-2017
| Temperature Grade : E
------------------------------------------------------------------------------------------

Clock Utilization Report

Table of Contents
-----------------
1. Clock Primitive Utilization
2. Global Clock Resources
3. Global Clock Source Details
4. Clock Regions : Clock Primitives
5. Clock Regions : Load Primitives
6. Clock Regions : Global Clock Summary
7. Clock Regions : Routing Resource Utilization
8. Device Cell Placement Summary for Global Clock g0
9. Device Cell Placement Summary for Global Clock g1
10. Device Cell Placement Summary for Global Clock g2
11. Device Cell Placement Summary for Global Clock g3
12. Device Cell Placement Summary for Global Clock g4
13. Device Cell Placement Summary for Global Clock g5
14. Device Cell Placement Summary for Global Clock g6
15. Device Cell Placement Summary for Global Clock g7
16. Device Cell Placement Summary for Global Clock g8
17. Device Cell Placement Summary for Global Clock g9
18. Device Cell Placement Summary for Global Clock g10
19. Device Cell Placement Summary for Global Clock g11
20. Clock Region Cell Placement per Global Clock: Region X0Y0
21. Clock Region Cell Placement per Global Clock: Region X1Y0
22. Clock Region Cell Placement per Global Clock: Region X2Y0
23. Clock Region Cell Placement per Global Clock: Region X3Y0
24. Clock Region Cell Placement per Global Clock: Region X0Y1
25. Clock Region Cell Placement per Global Clock: Region X1Y1
26. Clock Region Cell Placement per Global Clock: Region X2Y1
27. Clock Region Cell Placement per Global Clock: Region X3Y1
28. Clock Region Cell Placement per Global Clock: Region X0Y2
29. Clock Region Cell Placement per Global Clock: Region X1Y2
30. Clock Region Cell Placement per Global Clock: Region X2Y2
31. Clock Region Cell Placement per Global Clock: Region X3Y2
32. Clock Region Cell Placement per Global Clock: Region X2Y3

1. Clock Primitive Utilization
------------------------------

+------------+------+-----------+-----+--------------+--------+
| Type       | Used | Available | LOC | Clock Region | Pblock |
+------------+------+-----------+-----+--------------+--------+
| BUFGCE     |    7 |       240 |   0 |            0 |      0 |
| BUFGCE_DIV |    0 |        40 |   0 |            0 |      0 |
| BUFGCTRL   |    0 |        80 |   0 |            0 |      0 |
| BUFG_GT    |    5 |       120 |   0 |            0 |      5 |
| MMCM       |    1 |        10 |   0 |            0 |      0 |
| PLL        |    0 |        20 |   0 |            0 |      0 |
+------------+------+-----------+-----+--------------+--------+


2. Global Clock Resources
-------------------------

+-----------+-----------+-----------------+------------+---------------+--------------+---------+-------------------+-------------------+-------------+-----------------+--------------+----------------------------------------------------+------------------------------------------------------------------------------------------------------------------------------------------------------------------------------------------------------+------------------------------------------------------------------------------------------------------------------------------------------------------------------------------------------------+
| Global Id | Source Id | Driver Type/Pin | Constraint | Site          | Clock Region | Root    | Clock Delay Group | Load Clock Region | Clock Loads | Non-Clock Loads | Clock Period | Clock                                              | Driver Pin                                                                                                                                                                                           | Net                                                                                                                                                                                            |
+-----------+-----------+-----------------+------------+---------------+--------------+---------+-------------------+-------------------+-------------+-----------------+--------------+----------------------------------------------------+------------------------------------------------------------------------------------------------------------------------------------------------------------------------------------------------------+------------------------------------------------------------------------------------------------------------------------------------------------------------------------------------------------+
| g0        | src0      | BUFGCE/O        | None       | BUFGCE_X1Y80  | X2Y3         | X1Y1    |                   |                12 |       26033 |               0 |       20.000 | clk_out7_main_pll                                  | ClockManager/main_pll/inst/clkout7_buf/O                                                                                                                                                             | ClockManager/main_pll/inst/clk_out7                                                                                                                                                            |
| g1        | src1      | BUFG_GT/O       | PBlock     | BUFG_GT_X0Y47 | X3Y1         | X2Y0(U) |                   |                 4 |       12804 |               0 |        4.000 | GTHE3_CHANNEL_TXOUTCLK[0]                          | PCIe_inst/PCIe_Edge_Male_BridgeLayerObj_inst_0_top_inst/PCIe_Edge_Male_BridgeLayerObj_inst_0_inst/qpcie_xx_hip_top/g_xx_pcie3_signals.qpcie_pcie_core_inst/inst/gt_top_i/phy_clk_i/bufg_gt_userclk/O | PCIe_inst/PCIe_Edge_Male_BridgeLayerObj_inst_0_top_inst/PCIe_Edge_Male_BridgeLayerObj_inst_0_inst/qpcie_xx_hip_top/g_xx_pcie3_signals.qpcie_pcie_core_inst/inst/gt_top_i/phy_clk_i/CLK_USERCLK |
| g2        | src1      | BUFG_GT/O       | PBlock     | BUFG_GT_X0Y44 | X3Y1         | X2Y0(U) |                   |                 2 |        2063 |               0 |        4.000 | GTHE3_CHANNEL_TXOUTCLK[0]                          | PCIe_inst/PCIe_Edge_Male_BridgeLayerObj_inst_0_top_inst/PCIe_Edge_Male_BridgeLayerObj_inst_0_inst/qpcie_xx_hip_top/g_xx_pcie3_signals.qpcie_pcie_core_inst/inst/gt_top_i/phy_clk_i/bufg_gt_pclk/O    | PCIe_inst/PCIe_Edge_Male_BridgeLayerObj_inst_0_top_inst/PCIe_Edge_Male_BridgeLayerObj_inst_0_inst/qpcie_xx_hip_top/g_xx_pcie3_signals.qpcie_pcie_core_inst/inst/gt_top_i/phy_clk_i/CLK_PCLK    |
| g3        | src1      | BUFG_GT/O       | PBlock     | BUFG_GT_X0Y38 | X3Y1         | X2Y0(U) |                   |                 1 |          33 |               0 |        4.000 | GTHE3_CHANNEL_TXOUTCLK[0]                          | PCIe_inst/PCIe_Edge_Male_BridgeLayerObj_inst_0_top_inst/PCIe_Edge_Male_BridgeLayerObj_inst_0_inst/qpcie_xx_hip_top/g_xx_pcie3_signals.qpcie_pcie_core_inst/inst/gt_top_i/phy_clk_i/bufg_gt_coreclk/O | PCIe_inst/PCIe_Edge_Male_BridgeLayerObj_inst_0_top_inst/PCIe_Edge_Male_BridgeLayerObj_inst_0_inst/qpcie_xx_hip_top/g_xx_pcie3_signals.qpcie_pcie_core_inst/inst/gt_top_i/phy_clk_i/CLK_CORECLK |
| g4        | src1      | BUFG_GT/O       | PBlock     | BUFG_GT_X0Y26 | X3Y1         | X3Y0    |                   |                 1 |           1 |               0 |        8.000 | mcap_clk                                           | PCIe_inst/PCIe_Edge_Male_BridgeLayerObj_inst_0_top_inst/PCIe_Edge_Male_BridgeLayerObj_inst_0_inst/qpcie_xx_hip_top/g_xx_pcie3_signals.qpcie_pcie_core_inst/inst/gt_top_i/bufg_mcap_clk/O             | PCIe_inst/PCIe_Edge_Male_BridgeLayerObj_inst_0_top_inst/PCIe_Edge_Male_BridgeLayerObj_inst_0_inst/qpcie_xx_hip_top/g_xx_pcie3_signals.qpcie_pcie_core_inst/inst/gt_top_i/MCAPCLK               |
| g5        | src2      | BUFG_GT/O       | PBlock     | BUFG_GT_X0Y27 | X3Y1         | X3Y0    |                   |                 2 |         231 |               0 |       10.000 | PCIe_Edge_Male_BridgeLayerObj_inst_0_pcie_refclk_p | PCIe_inst/PCIe_Edge_Male_BridgeLayerObj_inst_0_top_inst/PCIe_Edge_Male_BridgeLayerObj_inst_0_inst/qpcie_xx_hip_top/g_xx_pcie3_signals.qpcie_pcie_core_inst/inst/bufg_gt_sysclk/O                     | PCIe_inst/PCIe_Edge_Male_BridgeLayerObj_inst_0_top_inst/PCIe_Edge_Male_BridgeLayerObj_inst_0_inst/qpcie_xx_hip_top/g_xx_pcie3_signals.qpcie_pcie_core_inst/inst/bufg_gt_sysclk_n_0             |
| g6        | src3      | BUFGCE/O        | None       | BUFGCE_X1Y24  | X2Y1         | X3Y2    |                   |                 1 |          32 |               0 |              |                                                    | ID_S_2c9b386b_52f26d05_E_reg[31]_i_1/O                                                                                                                                                               | LGDN_DRM_CONTROLLER_INSTANCE/ID_S_1df472a8_24b666ab_E/ID_S_3afb759d_2b34b631_E/ID_S_78541a27_176b2e60_E/ID_S_1d8786f9_5b74bd89_E.ID_S_47bde6c_6ecb5d1c_E/ID_S_2c9b386b_52f26d05_E0             |
| g7        | src4      | BUFGCE/O        | None       | BUFGCE_X1Y73  | X2Y3         | X2Y3    | n/a               |                 4 |           0 |            5946 |          n/a | n/a                                                | ClockManager/lgdn_resetn_cdc_reg[1]_bufg_place/O                                                                                                                                                     | ClockManager/Q[0]                                                                                                                                                                              |
| g8        | src5      | BUFGCE/O        | None       | BUFGCE_X1Y28  | X2Y1         | X2Y1    | n/a               |                 8 |           0 |            3888 |          n/a | n/a                                                | ClockManager/KERNEL_SYNCHRO[3].kernel_aresetn_cdc_reg[3][1]_bufg_place/O                                                                                                                             | ClockManager/kernel3_arstn                                                                                                                                                                     |
| g9        | src0      | BUFGCE/O        | None       | BUFGCE_X1Y74  | X2Y3         | X2Y3    | n/a               |                 1 |           0 |               1 |       10.000 | clkfbout_main_pll                                  | ClockManager/main_pll/inst/clkf_buf/O                                                                                                                                                                | ClockManager/main_pll/inst/clkfbout_buf_main_pll                                                                                                                                               |
| g10       | src6      | BUFGCE/O        | None       | BUFGCE_X1Y30  | X2Y1         | X2Y1    | n/a               |                 7 |           0 |            3287 |          n/a | n/a                                                | ClockManager/ctrl_resetn_cdc_reg[1]_bufg_place/O                                                                                                                                                     | ClockManager/state_reg[0][0]                                                                                                                                                                   |
| g11       | src7      | BUFGCE/O        | None       | BUFGCE_X1Y55  | X2Y2         | X2Y2    | n/a               |                 5 |           0 |            1664 |          n/a | n/a                                                | ControlManager/slv10_rst_ctrl/arstn_layer_reg_bufg_place/O                                                                                                                                           | ControlManager/slv10_rst_ctrl/arstn_o10_sync                                                                                                                                                   |
+-----------+-----------+-----------------+------------+---------------+--------------+---------+-------------------+-------------------+-------------+-----------------+--------------+----------------------------------------------------+------------------------------------------------------------------------------------------------------------------------------------------------------------------------------------------------------+------------------------------------------------------------------------------------------------------------------------------------------------------------------------------------------------+
* Clock Loads column represents the clock pin loads (pin count)
** Non-Clock Loads column represents the non-clock pin loads (pin count)
*** In Root column, symbol '(U)' indicates that the Root value matches the USER_CLOCK_ROOT (user-assigned root)


3. Global Clock Source Details
------------------------------

+-----------+----------------+------------------------+---------------------+--------------------+--------------+-------------+-----------------+---------------------+----------------------------------------------------+--------------------------------------------------------------------------------------------------------------------------------------------------------------------------------------------------------------------------------------------------------------------------------------------------------------------------------------------------------------------------------------------------------------------------------------------------------------------------------------+-----------------------------------------------------------------------------------------------------------------------------------------------------------------------------------------------------------------------------------------------------------------------------------------------------------------------------------------------------------------------------------------------------------------------------------+
| Source Id | Global Id      | Driver Type/Pin        | Constraint          | Site               | Clock Region | Clock Loads | Non-Clock Loads | Source Clock Period | Source Clock                                       | Driver Pin                                                                                                                                                                                                                                                                                                                                                                                                                                                                           | Net                                                                                                                                                                                                                                                                                                                                                                                                                               |
+-----------+----------------+------------------------+---------------------+--------------------+--------------+-------------+-----------------+---------------------+----------------------------------------------------+--------------------------------------------------------------------------------------------------------------------------------------------------------------------------------------------------------------------------------------------------------------------------------------------------------------------------------------------------------------------------------------------------------------------------------------------------------------------------------------+-----------------------------------------------------------------------------------------------------------------------------------------------------------------------------------------------------------------------------------------------------------------------------------------------------------------------------------------------------------------------------------------------------------------------------------+
| src0      | g0             | MMCME3_ADV/CLKOUT6     | None                | MMCME3_ADV_X1Y3    | X2Y3         |           1 |               0 |              20.000 | clk_out7_main_pll                                  | ClockManager/main_pll/inst/mmcme3_adv_inst/CLKOUT6                                                                                                                                                                                                                                                                                                                                                                                                                                   | ClockManager/main_pll/inst/clk_out7_main_pll                                                                                                                                                                                                                                                                                                                                                                                      |
| src0      | g9             | MMCME3_ADV/CLKFBOUT    | None                | MMCME3_ADV_X1Y3    | X2Y3         |           1 |               0 |              10.000 | clkfbout_main_pll                                  | ClockManager/main_pll/inst/mmcme3_adv_inst/CLKFBOUT                                                                                                                                                                                                                                                                                                                                                                                                                                  | ClockManager/main_pll/inst/clkfbout_main_pll                                                                                                                                                                                                                                                                                                                                                                                      |
| src1      | g1, g2, g3, g4 | GTHE3_CHANNEL/TXOUTCLK | GTHE3_CHANNEL_X0Y7* | GTHE3_CHANNEL_X0Y7 | X3Y1         |           5 |               0 |               4.000 | GTHE3_CHANNEL_TXOUTCLK[0]                          | PCIe_inst/PCIe_Edge_Male_BridgeLayerObj_inst_0_top_inst/PCIe_Edge_Male_BridgeLayerObj_inst_0_inst/qpcie_xx_hip_top/g_xx_pcie3_signals.qpcie_pcie_core_inst/inst/gt_top_i/gt_wizard.gtwizard_top_i/pcie3_ultrascale_0_gt_i/inst/gen_gtwizard_gthe3_top.pcie3_ultrascale_0_gt_gtwizard_gthe3_inst/gen_gtwizard_gthe3.gen_channel_container[1].gen_enabled_channel.gthe3_channel_wrapper_inst/channel_inst/gthe3_channel_gen.gen_gthe3_channel_inst[3].GTHE3_CHANNEL_PRIM_INST/TXOUTCLK | PCIe_inst/PCIe_Edge_Male_BridgeLayerObj_inst_0_top_inst/PCIe_Edge_Male_BridgeLayerObj_inst_0_inst/qpcie_xx_hip_top/g_xx_pcie3_signals.qpcie_pcie_core_inst/inst/gt_top_i/gt_wizard.gtwizard_top_i/pcie3_ultrascale_0_gt_i/inst/gen_gtwizard_gthe3_top.pcie3_ultrascale_0_gt_gtwizard_gthe3_inst/gen_gtwizard_gthe3.gen_channel_container[1].gen_enabled_channel.gthe3_channel_wrapper_inst/channel_inst/GTHE3_CHANNEL_TXOUTCLK[0] |
| src2      | g5             | IBUFDS_GTE3/ODIV2      | GTHE3_COMMON_X0Y1*  | GTHE3_COMMON_X0Y1  | X3Y1         |           2 |               0 |              10.000 | PCIe_Edge_Male_BridgeLayerObj_inst_0_pcie_refclk_p | PCIe_inst/PCIe_Edge_Male_BridgeLayerObj_inst_0_top_inst/PCIe_Edge_Male_BridgeLayerObj_inst_0_inst/qpcie_xx_hip_top/g_xx_pcie3_signals.qpcie_pcie_core_inst/refclk_ibuf/ODIV2                                                                                                                                                                                                                                                                                                         | PCIe_inst/PCIe_Edge_Male_BridgeLayerObj_inst_0_top_inst/PCIe_Edge_Male_BridgeLayerObj_inst_0_inst/qpcie_xx_hip_top/g_xx_pcie3_signals.qpcie_pcie_core_inst/sys_clk                                                                                                                                                                                                                                                                |
| src3      | g6             | LUT6/O                 | None                | SLICE_X49Y97       | X2Y1         |           1 |               0 |                     |                                                    | LGDN_DRM_inst/LGDN_DRM_CONTROLLER_INSTANCE/ID_S_1df472a8_24b666ab_E/ID_S_3afb759d_2b34b631_E/ID_S_78541a27_176b2e60_E/ID_S_1d8786f9_5b74bd89_E.ID_S_47bde6c_6ecb5d1c_E/ID_S_7a8c8ddd_2a61c449_E/ID_S_217b658a_50f836b7_E.ID_S_f7cdb70_47999e30_E[1].ID_S_6e892767_67acbd8c_E/ID_S_2c9b386b_52f26d05_E[31]_i_2__0/O                                                                                                                                                                   | LGDN_DRM_inst/LGDN_DRM_CONTROLLER_INSTANCE/ID_S_1df472a8_24b666ab_E/ID_S_3afb759d_2b34b631_E/ID_S_78541a27_176b2e60_E/ID_S_1d8786f9_5b74bd89_E.ID_S_47bde6c_6ecb5d1c_E/ID_S_7a8c8ddd_2a61c449_E/ID_S_217b658a_50f836b7_E.ID_S_f7cdb70_47999e30_E[1].ID_S_6e892767_67acbd8c_E/ID_S_2c9b386b_52f26d05_E_reg[0]                                                                                                                      |
| src4      | g7             | FDRE/Q                 | None                | SLICE_X50Y174      | X2Y2         |           1 |              18 |                     |                                                    | ClockManager/lgdn_resetn_cdc_reg[1]/Q                                                                                                                                                                                                                                                                                                                                                                                                                                                | ClockManager/Q[0]_bufg_place                                                                                                                                                                                                                                                                                                                                                                                                      |
| src5      | g8             | FDRE/Q                 | None                | SLICE_X53Y81       | X2Y1         |           1 |             105 |                     |                                                    | ClockManager/KERNEL_SYNCHRO[3].kernel_aresetn_cdc_reg[3][1]/Q                                                                                                                                                                                                                                                                                                                                                                                                                        | ClockManager/kernel3_arstn_bufg_place                                                                                                                                                                                                                                                                                                                                                                                             |
| src6      | g10            | FDRE/Q                 | None                | SLICE_X52Y89       | X2Y1         |           1 |               9 |                     |                                                    | ClockManager/ctrl_resetn_cdc_reg[1]/Q                                                                                                                                                                                                                                                                                                                                                                                                                                                | ClockManager/state_reg[0][0]_bufg_place                                                                                                                                                                                                                                                                                                                                                                                           |
| src7      | g11            | FDCE/Q                 | None                | SLICE_X48Y103      | X1Y1         |           1 |               1 |                     |                                                    | ControlManager/slv10_rst_ctrl/arstn_layer_reg/Q                                                                                                                                                                                                                                                                                                                                                                                                                                      | ControlManager/slv10_rst_ctrl/arstn_o10_sync_bufg_place                                                                                                                                                                                                                                                                                                                                                                           |
+-----------+----------------+------------------------+---------------------+--------------------+--------------+-------------+-----------------+---------------------+----------------------------------------------------+--------------------------------------------------------------------------------------------------------------------------------------------------------------------------------------------------------------------------------------------------------------------------------------------------------------------------------------------------------------------------------------------------------------------------------------------------------------------------------------+-----------------------------------------------------------------------------------------------------------------------------------------------------------------------------------------------------------------------------------------------------------------------------------------------------------------------------------------------------------------------------------------------------------------------------------+
* Clock Loads column represents the clock pin loads (pin count)
** Non-Clock Loads column represents the non-clock pin loads (pin count)
*** In Constraint column, symbol '*' indicates multiple constraint types applied to the clock source. Please check for potential conflicts.


4. Clock Regions : Clock Primitives
-----------------------------------

+-------------------+--------------+--------------+--------------+--------------+--------------+--------------+--------------+
|                   | Global Clock |    BUFGCE    |  BUFGCE_DIV  |   BUFGCTRL   |    BUFG_GT   |     MMCM     |      PLL     |
+-------------------+------+-------+------+-------+------+-------+------+-------+------+-------+------+-------+------+-------+
| Clock Region Name | Used | Avail | Used | Avail | Used | Avail | Used | Avail | Used | Avail | Used | Avail | Used | Avail |
+-------------------+------+-------+------+-------+------+-------+------+-------+------+-------+------+-------+------+-------+
| X0Y0              |    1 |    24 |    0 |    24 |    0 |     4 |    0 |     8 |    0 |     0 |    0 |     1 |    0 |     2 |
| X1Y0              |    4 |    24 |    0 |     0 |    0 |     0 |    0 |     0 |    0 |     0 |    0 |     0 |    0 |     0 |
| X2Y0              |   11 |    24 |    0 |    24 |    0 |     4 |    0 |     8 |    0 |     0 |    0 |     1 |    0 |     2 |
| X3Y0              |    8 |    24 |    0 |     0 |    0 |     0 |    0 |     0 |    0 |    24 |    0 |     0 |    0 |     0 |
| X0Y1              |    1 |    24 |    0 |    24 |    0 |     4 |    0 |     8 |    0 |     0 |    0 |     1 |    0 |     2 |
| X1Y1              |    4 |    24 |    0 |     0 |    0 |     0 |    0 |     0 |    0 |     0 |    0 |     0 |    0 |     0 |
| X2Y1              |   11 |    24 |    3 |    24 |    0 |     4 |    0 |     8 |    0 |     0 |    0 |     1 |    0 |     2 |
| X3Y1              |    8 |    24 |    0 |     0 |    0 |     0 |    0 |     0 |    5 |    24 |    0 |     0 |    0 |     0 |
| X0Y2              |    1 |    24 |    0 |    24 |    0 |     4 |    0 |     8 |    0 |     0 |    0 |     1 |    0 |     2 |
| X1Y2              |    2 |    24 |    0 |     0 |    0 |     0 |    0 |     0 |    0 |     0 |    0 |     0 |    0 |     0 |
| X2Y2              |    6 |    24 |    1 |    24 |    0 |     4 |    0 |     8 |    0 |     0 |    0 |     1 |    0 |     2 |
| X3Y2              |    3 |    24 |    0 |     0 |    0 |     0 |    0 |     0 |    0 |    24 |    0 |     0 |    0 |     0 |
| X0Y3              |    0 |    24 |    0 |    24 |    0 |     4 |    0 |     8 |    0 |     0 |    0 |     1 |    0 |     2 |
| X1Y3              |    0 |    24 |    0 |     0 |    0 |     0 |    0 |     0 |    0 |     0 |    0 |     0 |    0 |     0 |
| X2Y3              |    1 |    24 |    3 |    24 |    0 |     4 |    0 |     8 |    0 |     0 |    1 |     1 |    0 |     2 |
| X3Y3              |    0 |    24 |    0 |     0 |    0 |     0 |    0 |     0 |    0 |    24 |    0 |     0 |    0 |     0 |
| X0Y4              |    0 |    24 |    0 |    24 |    0 |     4 |    0 |     8 |    0 |     0 |    0 |     1 |    0 |     2 |
| X1Y4              |    0 |    24 |    0 |     0 |    0 |     0 |    0 |     0 |    0 |     0 |    0 |     0 |    0 |     0 |
| X2Y4              |    0 |    24 |    0 |    24 |    0 |     4 |    0 |     8 |    0 |     0 |    0 |     1 |    0 |     2 |
| X3Y4              |    0 |    24 |    0 |     0 |    0 |     0 |    0 |     0 |    0 |    24 |    0 |     0 |    0 |     0 |
+-------------------+------+-------+------+-------+------+-------+------+-------+------+-------+------+-------+------+-------+
* Global Clock column represents track count; while other columns represents cell counts


5. Clock Regions : Load Primitives
----------------------------------

+-------------------+------------------+------------------+------------------+------------------+------------------+------------------+------------------+
|                   |   Global Clock   |        FF        |      LUTRAM      |  Block RAM Tiles |        DSP       |        GT        |      HARD IP     |
+-------------------+--------+---------+--------+---------+--------+---------+--------+---------+--------+---------+--------+---------+--------+---------+
| Clock Region Name | Used   | Avail   | Used   | Avail   | Used   | Avail   | Used   | Avail   | Used   | Avail   | Used   | Avail   | Used   | Avail   |
+-------------------+--------+---------+--------+---------+--------+---------+--------+---------+--------+---------+--------+---------+--------+---------+
| X0Y0              |      1 |      24 |     17 |   23040 |      0 |    5760 |     24 |     108 |      0 |      96 |      0 |       0 |      0 |       0 |
| X1Y0              |      4 |      24 |   1931 |   24000 |      2 |    6240 |     36 |     108 |      0 |      96 |      0 |       0 |      0 |       0 |
| X2Y0              |     11 |      24 |   6979 |   25920 |      4 |    7200 |     16 |      72 |      0 |     144 |      0 |       0 |      0 |       0 |
| X3Y0              |      8 |      24 |   7618 |   24000 |      2 |    3360 |     20 |      72 |      0 |      48 |      4 |       4 |      1 |       1 |
| X0Y1              |      1 |      24 |     60 |   23040 |      0 |    5760 |     24 |     108 |      0 |      96 |      0 |       0 |      0 |       0 |
| X1Y1              |      4 |      24 |   2969 |   24000 |      0 |    6240 |     37 |     108 |      0 |      96 |      0 |       0 |      0 |       0 |
| X2Y1              |     11 |      24 |   6783 |   25920 |      0 |    7200 |     21 |      72 |      0 |     144 |      0 |       0 |      0 |       0 |
| X3Y1              |      8 |      24 |   6541 |   24000 |      9 |    3360 |     13 |      72 |      0 |      48 |      4 |       4 |      0 |       0 |
| X0Y2              |      1 |      24 |      0 |   23040 |      0 |    5760 |      8 |     108 |      0 |      96 |      0 |       0 |      0 |       0 |
| X1Y2              |      2 |      24 |     48 |   24000 |      0 |    6240 |     24 |     108 |      0 |      96 |      0 |       0 |      0 |       0 |
| X2Y2              |      6 |      24 |   4591 |   25920 |      2 |    7200 |     15 |      72 |      0 |     144 |      0 |       0 |      0 |       0 |
| X3Y2              |      3 |      24 |   3028 |   24000 |      1 |    3360 |      4 |      72 |      0 |      48 |      0 |       4 |      0 |       0 |
| X0Y3              |      0 |      24 |      0 |   23040 |      0 |    5760 |      0 |     108 |      0 |      96 |      0 |       0 |      0 |       0 |
| X1Y3              |      0 |      24 |      0 |   24000 |      0 |    6240 |      0 |     108 |      0 |      96 |      0 |       0 |      0 |       0 |
| X2Y3              |      1 |      24 |      0 |   25920 |      0 |    7200 |      0 |      72 |      0 |     144 |      0 |       0 |      0 |       0 |
| X3Y3              |      0 |      24 |      0 |   24000 |      0 |    3360 |      0 |      72 |      0 |      48 |      0 |       4 |      0 |       1 |
| X0Y4              |      0 |      24 |      0 |   23040 |      0 |    5760 |      0 |     108 |      0 |      96 |      0 |       0 |      0 |       0 |
| X1Y4              |      0 |      24 |      0 |   24000 |      0 |    6240 |      0 |     108 |      0 |      96 |      0 |       0 |      0 |       0 |
| X2Y4              |      0 |      24 |      0 |   25920 |      0 |    7200 |      0 |      72 |      0 |     144 |      0 |       0 |      0 |       0 |
| X3Y4              |      0 |      24 |      0 |   24000 |      0 |    3360 |      0 |      72 |      0 |      48 |      0 |       4 |      0 |       1 |
+-------------------+--------+---------+--------+---------+--------+---------+--------+---------+--------+---------+--------+---------+--------+---------+
* Global Clock column represents track count; while other columns represents cell counts


6. Clock Regions : Global Clock Summary
---------------------------------------

+----+----+----+----+----+
|    | X0 | X1 | X2 | X3 |
+----+----+----+----+----+
| Y4 |  0 |  0 |  0 |  0 |
| Y3 |  0 |  0 |  1 |  0 |
| Y2 |  1 |  2 |  6 |  3 |
| Y1 |  1 |  4 | 11 |  8 |
| Y0 |  1 |  4 | 11 |  8 |
+----+----+----+----+----+


7. Clock Regions : Routing Resource Utilization
-----------------------------------------------

+-------------------+----------------------+----------------------+----------------------+----------------------+
|                   |        HROUTES       |        HDISTRS       |        VROUTES       |        VDISTRS       |
+-------------------+------+-------+-------+------+-------+-------+------+-------+-------+------+-------+-------+
| Clock Region Name | Used | Avail | Util% | Used | Avail | Util% | Used | Avail | Util% | Used | Avail | Util% |
+-------------------+------+-------+-------+------+-------+-------+------+-------+-------+------+-------+-------+
| X0Y0              |    0 |    24 |  0.00 |    1 |    24 |  4.17 |    0 |    24 |  0.00 |    0 |    24 |  0.00 |
| X1Y0              |    0 |    24 |  0.00 |    4 |    24 | 16.67 |    0 |    24 |  0.00 |    1 |    24 |  4.17 |
| X2Y0              |    0 |    24 |  0.00 |    7 |    24 | 29.17 |    3 |    24 | 12.50 |    6 |    24 | 25.00 |
| X3Y0              |    0 |    24 |  0.00 |    8 |    24 | 33.33 |    2 |    24 |  8.33 |    2 |    24 |  8.33 |
| X0Y1              |    0 |    24 |  0.00 |    1 |    24 |  4.17 |    0 |    24 |  0.00 |    0 |    24 |  0.00 |
| X1Y1              |    0 |    24 |  0.00 |    4 |    24 | 16.67 |    1 |    24 |  4.17 |    1 |    24 |  4.17 |
| X2Y1              |    4 |    24 | 16.67 |    7 |    24 | 29.17 |    3 |    24 | 12.50 |    4 |    24 | 16.67 |
| X3Y1              |    6 |    24 | 25.00 |    8 |    24 | 33.33 |    2 |    24 |  8.33 |    0 |    24 |  0.00 |
| X0Y2              |    0 |    24 |  0.00 |    1 |    24 |  4.17 |    0 |    24 |  0.00 |    0 |    24 |  0.00 |
| X1Y2              |    0 |    24 |  0.00 |    2 |    24 |  8.33 |    1 |    24 |  4.17 |    0 |    24 |  0.00 |
| X2Y2              |    0 |    24 |  0.00 |    4 |    24 | 16.67 |    0 |    24 |  0.00 |    2 |    24 |  8.33 |
| X3Y2              |    0 |    24 |  0.00 |    3 |    24 | 12.50 |    1 |    24 |  4.17 |    1 |    24 |  4.17 |
| X0Y3              |    0 |    24 |  0.00 |    0 |    24 |  0.00 |    0 |    24 |  0.00 |    0 |    24 |  0.00 |
| X1Y3              |    1 |    24 |  4.17 |    0 |    24 |  0.00 |    1 |    24 |  4.17 |    0 |    24 |  0.00 |
| X2Y3              |    1 |    24 |  4.17 |    1 |    24 |  4.17 |    0 |    24 |  0.00 |    1 |    24 |  4.17 |
| X3Y3              |    0 |    24 |  0.00 |    0 |    24 |  0.00 |    0 |    24 |  0.00 |    0 |    24 |  0.00 |
| X0Y4              |    0 |    24 |  0.00 |    0 |    24 |  0.00 |    0 |    24 |  0.00 |    0 |    24 |  0.00 |
| X1Y4              |    0 |    24 |  0.00 |    0 |    24 |  0.00 |    0 |    24 |  0.00 |    0 |    24 |  0.00 |
| X2Y4              |    0 |    24 |  0.00 |    0 |    24 |  0.00 |    0 |    24 |  0.00 |    0 |    24 |  0.00 |
| X3Y4              |    0 |    24 |  0.00 |    0 |    24 |  0.00 |    0 |    24 |  0.00 |    0 |    24 |  0.00 |
+-------------------+------+-------+-------+------+-------+-------+------+-------+-------+------+-------+-------+


8. Device Cell Placement Summary for Global Clock g0
----------------------------------------------------

+-----------+-----------------+-------------------+-------------------+-------------+----------------+----------+-------------+----------+----------------+----------+-------------------------------------+
| Global Id | Driver Type/Pin | Driver Region (D) | Clock             | Period (ns) | Waveform (ns)  | Root (R) | Slice Loads | IO Loads | Clocking Loads | GT Loads | Net                                 |
+-----------+-----------------+-------------------+-------------------+-------------+----------------+----------+-------------+----------+----------------+----------+-------------------------------------+
| g0        | BUFGCE/O        | X2Y3              | clk_out7_main_pll |      20.000 | {0.000 10.000} | X1Y1     |       25758 |        0 |              0 |        0 | ClockManager/main_pll/inst/clk_out7 |
+-----------+-----------------+-------------------+-------------------+-------------+----------------+----------+-------------+----------+----------------+----------+-------------------------------------+
* Logic Loads column represents load cell count of all cell types other than IO, GT and clock resources
** IO Loads column represents load cell count of IO types
*** Clocking Loads column represents load cell count that are clock resources (global clock buffer, MMCM, PLL, etc)
**** GT Loads column represents load cell count of GT types


+----+-----+----------+--------+-------+
|    | X0  | X1       | X2     | X3    |
+----+-----+----------+--------+-------+
| Y4 |   0 |        0 |      0 |     0 |
| Y3 |   0 |        0 |  (D) 0 |     0 |
| Y2 |   8 |       72 |   4608 |  3001 |
| Y1 |  84 | (R) 3006 |   5125 |  3775 |
| Y0 |  41 |     1969 |   3244 |   825 |
+----+-----+----------+--------+-------+


9. Device Cell Placement Summary for Global Clock g1
----------------------------------------------------

+-----------+-----------------+-------------------+---------------------------+-------------+---------------+----------+-------------+----------+----------------+----------+------------------------------------------------------------------------------------------------------------------------------------------------------------------------------------------------+
| Global Id | Driver Type/Pin | Driver Region (D) | Clock                     | Period (ns) | Waveform (ns) | Root (R) | Slice Loads | IO Loads | Clocking Loads | GT Loads | Net                                                                                                                                                                                            |
+-----------+-----------------+-------------------+---------------------------+-------------+---------------+----------+-------------+----------+----------------+----------+------------------------------------------------------------------------------------------------------------------------------------------------------------------------------------------------+
| g1        | BUFG_GT/O       | X3Y1              | GTHE3_CHANNEL_TXOUTCLK[0] |       4.000 | {0.000 2.000} | X2Y0(U)  |       12782 |        0 |              0 |        0 | PCIe_inst/PCIe_Edge_Male_BridgeLayerObj_inst_0_top_inst/PCIe_Edge_Male_BridgeLayerObj_inst_0_inst/qpcie_xx_hip_top/g_xx_pcie3_signals.qpcie_pcie_core_inst/inst/gt_top_i/phy_clk_i/CLK_USERCLK |
+-----------+-----------------+-------------------+---------------------------+-------------+---------------+----------+-------------+----------+----------------+----------+------------------------------------------------------------------------------------------------------------------------------------------------------------------------------------------------+
* Logic Loads column represents load cell count of all cell types other than IO, GT and clock resources
** IO Loads column represents load cell count of IO types
*** Clocking Loads column represents load cell count that are clock resources (global clock buffer, MMCM, PLL, etc)
**** GT Loads column represents load cell count of GT types


+----+----+----+----------+-----------+
|    | X0 | X1 | X2       | X3        |
+----+----+----+----------+-----------+
| Y4 |  0 |  0 |        0 |         0 |
| Y3 |  0 |  0 |        0 |         0 |
| Y2 |  0 |  0 |        0 |         0 |
| Y1 |  0 |  0 |     1680 |  (D) 2132 |
| Y0 |  0 |  0 | (R) 3757 |      5213 |
+----+----+----+----------+-----------+


10. Device Cell Placement Summary for Global Clock g2
-----------------------------------------------------

+-----------+-----------------+-------------------+---------------------------+-------------+---------------+----------+-------------+----------+----------------+----------+---------------------------------------------------------------------------------------------------------------------------------------------------------------------------------------------+
| Global Id | Driver Type/Pin | Driver Region (D) | Clock                     | Period (ns) | Waveform (ns) | Root (R) | Slice Loads | IO Loads | Clocking Loads | GT Loads | Net                                                                                                                                                                                         |
+-----------+-----------------+-------------------+---------------------------+-------------+---------------+----------+-------------+----------+----------------+----------+---------------------------------------------------------------------------------------------------------------------------------------------------------------------------------------------+
| g2        | BUFG_GT/O       | X3Y1              | GTHE3_CHANNEL_TXOUTCLK[0] |       4.000 | {0.000 2.000} | X2Y0(U)  |        2031 |        0 |              0 |        8 | PCIe_inst/PCIe_Edge_Male_BridgeLayerObj_inst_0_top_inst/PCIe_Edge_Male_BridgeLayerObj_inst_0_inst/qpcie_xx_hip_top/g_xx_pcie3_signals.qpcie_pcie_core_inst/inst/gt_top_i/phy_clk_i/CLK_PCLK |
+-----------+-----------------+-------------------+---------------------------+-------------+---------------+----------+-------------+----------+----------------+----------+---------------------------------------------------------------------------------------------------------------------------------------------------------------------------------------------+
* Logic Loads column represents load cell count of all cell types other than IO, GT and clock resources
** IO Loads column represents load cell count of IO types
*** Clocking Loads column represents load cell count that are clock resources (global clock buffer, MMCM, PLL, etc)
**** GT Loads column represents load cell count of GT types


+----+----+----+-------+----------+
|    | X0 | X1 | X2    | X3       |
+----+----+----+-------+----------+
| Y4 |  0 |  0 |     0 |        0 |
| Y3 |  0 |  0 |     0 |        0 |
| Y2 |  0 |  0 |     0 |        0 |
| Y1 |  0 |  0 |     0 |  (D) 477 |
| Y0 |  0 |  0 | (R) 0 |     1562 |
+----+----+----+-------+----------+


11. Device Cell Placement Summary for Global Clock g3
-----------------------------------------------------

+-----------+-----------------+-------------------+---------------------------+-------------+---------------+----------+-------------+----------+----------------+----------+------------------------------------------------------------------------------------------------------------------------------------------------------------------------------------------------+
| Global Id | Driver Type/Pin | Driver Region (D) | Clock                     | Period (ns) | Waveform (ns) | Root (R) | Slice Loads | IO Loads | Clocking Loads | GT Loads | Net                                                                                                                                                                                            |
+-----------+-----------------+-------------------+---------------------------+-------------+---------------+----------+-------------+----------+----------------+----------+------------------------------------------------------------------------------------------------------------------------------------------------------------------------------------------------+
| g3        | BUFG_GT/O       | X3Y1              | GTHE3_CHANNEL_TXOUTCLK[0] |       4.000 | {0.000 2.000} | X2Y0(U)  |          15 |        0 |              0 |        0 | PCIe_inst/PCIe_Edge_Male_BridgeLayerObj_inst_0_top_inst/PCIe_Edge_Male_BridgeLayerObj_inst_0_inst/qpcie_xx_hip_top/g_xx_pcie3_signals.qpcie_pcie_core_inst/inst/gt_top_i/phy_clk_i/CLK_CORECLK |
+-----------+-----------------+-------------------+---------------------------+-------------+---------------+----------+-------------+----------+----------------+----------+------------------------------------------------------------------------------------------------------------------------------------------------------------------------------------------------+
* Logic Loads column represents load cell count of all cell types other than IO, GT and clock resources
** IO Loads column represents load cell count of IO types
*** Clocking Loads column represents load cell count that are clock resources (global clock buffer, MMCM, PLL, etc)
**** GT Loads column represents load cell count of GT types


+----+----+----+-------+--------+
|    | X0 | X1 | X2    | X3     |
+----+----+----+-------+--------+
| Y4 |  0 |  0 |     0 |      0 |
| Y3 |  0 |  0 |     0 |      0 |
| Y2 |  0 |  0 |     0 |      0 |
| Y1 |  0 |  0 |     0 |  (D) 0 |
| Y0 |  0 |  0 | (R) 0 |     15 |
+----+----+----+-------+--------+


12. Device Cell Placement Summary for Global Clock g4
-----------------------------------------------------

+-----------+-----------------+-------------------+----------+-------------+---------------+----------+-------------+----------+----------------+----------+----------------------------------------------------------------------------------------------------------------------------------------------------------------------------------+
| Global Id | Driver Type/Pin | Driver Region (D) | Clock    | Period (ns) | Waveform (ns) | Root (R) | Slice Loads | IO Loads | Clocking Loads | GT Loads | Net                                                                                                                                                                              |
+-----------+-----------------+-------------------+----------+-------------+---------------+----------+-------------+----------+----------------+----------+----------------------------------------------------------------------------------------------------------------------------------------------------------------------------------+
| g4        | BUFG_GT/O       | X3Y1              | mcap_clk |       8.000 | {0.000 4.000} | X3Y0     |           1 |        0 |              0 |        0 | PCIe_inst/PCIe_Edge_Male_BridgeLayerObj_inst_0_top_inst/PCIe_Edge_Male_BridgeLayerObj_inst_0_inst/qpcie_xx_hip_top/g_xx_pcie3_signals.qpcie_pcie_core_inst/inst/gt_top_i/MCAPCLK |
+-----------+-----------------+-------------------+----------+-------------+---------------+----------+-------------+----------+----------------+----------+----------------------------------------------------------------------------------------------------------------------------------------------------------------------------------+
* Logic Loads column represents load cell count of all cell types other than IO, GT and clock resources
** IO Loads column represents load cell count of IO types
*** Clocking Loads column represents load cell count that are clock resources (global clock buffer, MMCM, PLL, etc)
**** GT Loads column represents load cell count of GT types


+----+----+----+----+--------+
|    | X0 | X1 | X2 | X3     |
+----+----+----+----+--------+
| Y4 |  0 |  0 |  0 |      0 |
| Y3 |  0 |  0 |  0 |      0 |
| Y2 |  0 |  0 |  0 |      0 |
| Y1 |  0 |  0 |  0 |  (D) 0 |
| Y0 |  0 |  0 |  0 |  (R) 1 |
+----+----+----+----+--------+


13. Device Cell Placement Summary for Global Clock g5
-----------------------------------------------------

+-----------+-----------------+-------------------+----------------------------------------------------+-------------+---------------+----------+-------------+----------+----------------+----------+------------------------------------------------------------------------------------------------------------------------------------------------------------------------------------+
| Global Id | Driver Type/Pin | Driver Region (D) | Clock                                              | Period (ns) | Waveform (ns) | Root (R) | Slice Loads | IO Loads | Clocking Loads | GT Loads | Net                                                                                                                                                                                |
+-----------+-----------------+-------------------+----------------------------------------------------+-------------+---------------+----------+-------------+----------+----------------+----------+------------------------------------------------------------------------------------------------------------------------------------------------------------------------------------+
| g5        | BUFG_GT/O       | X3Y1              | PCIe_Edge_Male_BridgeLayerObj_inst_0_pcie_refclk_p |      10.000 | {0.000 5.000} | X3Y0     |         223 |        0 |              0 |        8 | PCIe_inst/PCIe_Edge_Male_BridgeLayerObj_inst_0_top_inst/PCIe_Edge_Male_BridgeLayerObj_inst_0_inst/qpcie_xx_hip_top/g_xx_pcie3_signals.qpcie_pcie_core_inst/inst/bufg_gt_sysclk_n_0 |
+-----------+-----------------+-------------------+----------------------------------------------------+-------------+---------------+----------+-------------+----------+----------------+----------+------------------------------------------------------------------------------------------------------------------------------------------------------------------------------------+
* Logic Loads column represents load cell count of all cell types other than IO, GT and clock resources
** IO Loads column represents load cell count of IO types
*** Clocking Loads column represents load cell count that are clock resources (global clock buffer, MMCM, PLL, etc)
**** GT Loads column represents load cell count of GT types


+----+----+----+----+----------+
|    | X0 | X1 | X2 | X3       |
+----+----+----+----+----------+
| Y4 |  0 |  0 |  0 |        0 |
| Y3 |  0 |  0 |  0 |        0 |
| Y2 |  0 |  0 |  0 |        0 |
| Y1 |  0 |  0 |  0 |  (D) 191 |
| Y0 |  0 |  0 |  0 |   (R) 40 |
+----+----+----+----+----------+


14. Device Cell Placement Summary for Global Clock g6
-----------------------------------------------------

+-----------+-----------------+-------------------+-------+-------------+---------------+----------+-------------+----------+----------------+----------+------------------------------------------------------------------------------------------------------------------------------------------------------------------------------------+
| Global Id | Driver Type/Pin | Driver Region (D) | Clock | Period (ns) | Waveform (ns) | Root (R) | Slice Loads | IO Loads | Clocking Loads | GT Loads | Net                                                                                                                                                                                |
+-----------+-----------------+-------------------+-------+-------------+---------------+----------+-------------+----------+----------------+----------+------------------------------------------------------------------------------------------------------------------------------------------------------------------------------------+
| g6        | BUFGCE/O        | X2Y1              |       |             |               | X3Y2     |          32 |        0 |              0 |        0 | LGDN_DRM_CONTROLLER_INSTANCE/ID_S_1df472a8_24b666ab_E/ID_S_3afb759d_2b34b631_E/ID_S_78541a27_176b2e60_E/ID_S_1d8786f9_5b74bd89_E.ID_S_47bde6c_6ecb5d1c_E/ID_S_2c9b386b_52f26d05_E0 |
+-----------+-----------------+-------------------+-------+-------------+---------------+----------+-------------+----------+----------------+----------+------------------------------------------------------------------------------------------------------------------------------------------------------------------------------------+
* Logic Loads column represents load cell count of all cell types other than IO, GT and clock resources
** IO Loads column represents load cell count of IO types
*** Clocking Loads column represents load cell count that are clock resources (global clock buffer, MMCM, PLL, etc)
**** GT Loads column represents load cell count of GT types


+----+----+----+--------+--------+
|    | X0 | X1 | X2     | X3     |
+----+----+----+--------+--------+
| Y4 |  0 |  0 |      0 |      0 |
| Y3 |  0 |  0 |      0 |      0 |
| Y2 |  0 |  0 |      0 | (R) 32 |
| Y1 |  0 |  0 |  (D) 0 |      0 |
| Y0 |  0 |  0 |      0 |      0 |
+----+----+----+--------+--------+


15. Device Cell Placement Summary for Global Clock g7
-----------------------------------------------------

+-----------+-----------------+-------------------+-------+-------------+---------------+----------+-------------+----------+----------------+----------+-------------------+
| Global Id | Driver Type/Pin | Driver Region (D) | Clock | Period (ns) | Waveform (ns) | Root (R) | Slice Loads | IO Loads | Clocking Loads | GT Loads | Net               |
+-----------+-----------------+-------------------+-------+-------------+---------------+----------+-------------+----------+----------------+----------+-------------------+
| g7        | BUFGCE/O        | X2Y3              |       |             |               | X2Y3     |        5946 |        0 |              0 |        0 | ClockManager/Q[0] |
+-----------+-----------------+-------------------+-------+-------------+---------------+----------+-------------+----------+----------------+----------+-------------------+
* Logic Loads column represents load cell count of all cell types other than IO, GT and clock resources
** IO Loads column represents load cell count of IO types
*** Clocking Loads column represents load cell count that are clock resources (global clock buffer, MMCM, PLL, etc)
**** GT Loads column represents load cell count of GT types


+----+----+----+-----------+-------+
|    | X0 | X1 | X2        | X3    |
+----+----+----+-----------+-------+
| Y4 |  0 |  0 |         0 |     0 |
| Y3 |  0 |  0 | (R) (D) 0 |     0 |
| Y2 |  0 |  0 |      2786 |  2891 |
| Y1 |  0 |  0 |        38 |   231 |
| Y0 |  0 |  0 |         0 |     0 |
+----+----+----+-----------+-------+


16. Device Cell Placement Summary for Global Clock g8
-----------------------------------------------------

+-----------+-----------------+-------------------+-------+-------------+---------------+----------+-------------+----------+----------------+----------+----------------------------+
| Global Id | Driver Type/Pin | Driver Region (D) | Clock | Period (ns) | Waveform (ns) | Root (R) | Slice Loads | IO Loads | Clocking Loads | GT Loads | Net                        |
+-----------+-----------------+-------------------+-------+-------------+---------------+----------+-------------+----------+----------------+----------+----------------------------+
| g8        | BUFGCE/O        | X2Y1              |       |             |               | X2Y1     |        3888 |        0 |              0 |        0 | ClockManager/kernel3_arstn |
+-----------+-----------------+-------------------+-------+-------------+---------------+----------+-------------+----------+----------------+----------+----------------------------+
* Logic Loads column represents load cell count of all cell types other than IO, GT and clock resources
** IO Loads column represents load cell count of IO types
*** Clocking Loads column represents load cell count that are clock resources (global clock buffer, MMCM, PLL, etc)
**** GT Loads column represents load cell count of GT types


+----+----+------+--------------+------+
|    | X0 | X1   | X2           | X3   |
+----+----+------+--------------+------+
| Y4 |  0 |    0 |            0 |    0 |
| Y3 |  0 |    0 |            0 |    0 |
| Y2 |  0 |   48 |          179 |    0 |
| Y1 |  0 |  328 | (R) (D) 1022 |  601 |
| Y0 |  0 |  575 |         1065 |   70 |
+----+----+------+--------------+------+


17. Device Cell Placement Summary for Global Clock g9
-----------------------------------------------------

+-----------+-----------------+-------------------+-------------------+-------------+---------------+----------+-------------+----------+----------------+----------+--------------------------------------------------+
| Global Id | Driver Type/Pin | Driver Region (D) | Clock             | Period (ns) | Waveform (ns) | Root (R) | Slice Loads | IO Loads | Clocking Loads | GT Loads | Net                                              |
+-----------+-----------------+-------------------+-------------------+-------------+---------------+----------+-------------+----------+----------------+----------+--------------------------------------------------+
| g9        | BUFGCE/O        | X2Y3              | clkfbout_main_pll |      10.000 | {0.000 5.000} | X2Y3     |           0 |        0 |              1 |        0 | ClockManager/main_pll/inst/clkfbout_buf_main_pll |
+-----------+-----------------+-------------------+-------------------+-------------+---------------+----------+-------------+----------+----------------+----------+--------------------------------------------------+
* Logic Loads column represents load cell count of all cell types other than IO, GT and clock resources
** IO Loads column represents load cell count of IO types
*** Clocking Loads column represents load cell count that are clock resources (global clock buffer, MMCM, PLL, etc)
**** GT Loads column represents load cell count of GT types


+----+----+----+-----------+----+
|    | X0 | X1 | X2        | X3 |
+----+----+----+-----------+----+
| Y4 |  0 |  0 |         0 |  0 |
| Y3 |  0 |  0 | (R) (D) 1 |  0 |
| Y2 |  0 |  0 |         0 |  0 |
| Y1 |  0 |  0 |         0 |  0 |
| Y0 |  0 |  0 |         0 |  0 |
+----+----+----+-----------+----+


18. Device Cell Placement Summary for Global Clock g10
------------------------------------------------------

+-----------+-----------------+-------------------+-------+-------------+---------------+----------+-------------+----------+----------------+----------+------------------------------+
| Global Id | Driver Type/Pin | Driver Region (D) | Clock | Period (ns) | Waveform (ns) | Root (R) | Slice Loads | IO Loads | Clocking Loads | GT Loads | Net                          |
+-----------+-----------------+-------------------+-------+-------------+---------------+----------+-------------+----------+----------------+----------+------------------------------+
| g10       | BUFGCE/O        | X2Y1              |       |             |               | X2Y1     |        3287 |        0 |              0 |        0 | ClockManager/state_reg[0][0] |
+-----------+-----------------+-------------------+-------+-------------+---------------+----------+-------------+----------+----------------+----------+------------------------------+
* Logic Loads column represents load cell count of all cell types other than IO, GT and clock resources
** IO Loads column represents load cell count of IO types
*** Clocking Loads column represents load cell count that are clock resources (global clock buffer, MMCM, PLL, etc)
**** GT Loads column represents load cell count of GT types


+----+----+------+--------------+-----+
|    | X0 | X1   | X2           | X3  |
+----+----+------+--------------+-----+
| Y4 |  0 |    0 |            0 |   0 |
| Y3 |  0 |    0 |            0 |   0 |
| Y2 |  0 |    0 |           30 |   0 |
| Y1 |  0 |  838 | (R) (D) 1799 |  64 |
| Y0 |  0 |  261 |          252 |  43 |
+----+----+------+--------------+-----+


19. Device Cell Placement Summary for Global Clock g11
------------------------------------------------------

+-----------+-----------------+-------------------+-------+-------------+---------------+----------+-------------+----------+----------------+----------+----------------------------------------------+
| Global Id | Driver Type/Pin | Driver Region (D) | Clock | Period (ns) | Waveform (ns) | Root (R) | Slice Loads | IO Loads | Clocking Loads | GT Loads | Net                                          |
+-----------+-----------------+-------------------+-------+-------------+---------------+----------+-------------+----------+----------------+----------+----------------------------------------------+
| g11       | BUFGCE/O        | X2Y2              |       |             |               | X2Y2     |        1664 |        0 |              0 |        0 | ControlManager/slv10_rst_ctrl/arstn_o10_sync |
+-----------+-----------------+-------------------+-------+-------------+---------------+----------+-------------+----------+----------------+----------+----------------------------------------------+
* Logic Loads column represents load cell count of all cell types other than IO, GT and clock resources
** IO Loads column represents load cell count of IO types
*** Clocking Loads column represents load cell count that are clock resources (global clock buffer, MMCM, PLL, etc)
**** GT Loads column represents load cell count of GT types


+----+----+------+-----------+------+
|    | X0 | X1   | X2        | X3   |
+----+----+------+-----------+------+
| Y4 |  0 |    0 |         0 |    0 |
| Y3 |  0 |    0 |         0 |    0 |
| Y2 |  0 |    0 | (R) (D) 0 |    0 |
| Y1 |  0 |  705 |       492 |  125 |
| Y0 |  0 |  213 |       129 |    0 |
+----+----+------+-----------+------+


20. Clock Region Cell Placement per Global Clock: Region X0Y0
-------------------------------------------------------------

+-----------+-------+-----------------+------------+-------------+-----------------+----+--------+------+-----+----+------+-----+---------+-------------------------------------+
| Global Id | Track | Driver Type/Pin | Constraint | Clock Loads | Non-Clock Loads | FF | LUTRAM | RAMB | DSP | GT | MMCM | PLL | Hard IP | Net                                 |
+-----------+-------+-----------------+------------+-------------+-----------------+----+--------+------+-----+----+------+-----+---------+-------------------------------------+
| g0        | 8     | BUFGCE/O        | None       |          41 |               0 | 17 |      0 |   24 |   0 |  0 |    0 |   0 |       0 | ClockManager/main_pll/inst/clk_out7 |
+-----------+-------+-----------------+------------+-------------+-----------------+----+--------+------+-----+----+------+-----+---------+-------------------------------------+
* Clock Loads column represents the clock pin loads (pin count)
** Non-Clock Loads column represents the non-clock pin loads (pin count)
*** Columns FF, LUTRAM, RAMB through 'Hard IP' represents load cell counts


21. Clock Region Cell Placement per Global Clock: Region X1Y0
-------------------------------------------------------------

+-----------+-------+-----------------+------------+-------------+-----------------+------+--------+------+-----+----+------+-----+---------+----------------------------------------------+
| Global Id | Track | Driver Type/Pin | Constraint | Clock Loads | Non-Clock Loads | FF   | LUTRAM | RAMB | DSP | GT | MMCM | PLL | Hard IP | Net                                          |
+-----------+-------+-----------------+------------+-------------+-----------------+------+--------+------+-----+----+------+-----+---------+----------------------------------------------+
| g0        | 8     | BUFGCE/O        | None       |        1969 |               0 | 1931 |      2 |   36 |   0 |  0 |    0 |   0 |       0 | ClockManager/main_pll/inst/clk_out7          |
| g8        | 4     | BUFGCE/O        | None       |           0 |             575 |  575 |      0 |    0 |   0 |  0 |    0 |   0 |       0 | ClockManager/kernel3_arstn                   |
| g10       | 6     | BUFGCE/O        | None       |           0 |             261 |  261 |      0 |    0 |   0 |  0 |    0 |   0 |       0 | ClockManager/state_reg[0][0]                 |
| g11       | 7     | BUFGCE/O        | None       |           0 |             213 |  213 |      0 |    0 |   0 |  0 |    0 |   0 |       0 | ControlManager/slv10_rst_ctrl/arstn_o10_sync |
+-----------+-------+-----------------+------------+-------------+-----------------+------+--------+------+-----+----+------+-----+---------+----------------------------------------------+
* Clock Loads column represents the clock pin loads (pin count)
** Non-Clock Loads column represents the non-clock pin loads (pin count)
*** Columns FF, LUTRAM, RAMB through 'Hard IP' represents load cell counts


22. Clock Region Cell Placement per Global Clock: Region X2Y0
-------------------------------------------------------------

+-----------+-------+-----------------+------------+-------------+-----------------+------+--------+------+-----+----+------+-----+---------+------------------------------------------------------------------------------------------------------------------------------------------------------------------------------------------------+
| Global Id | Track | Driver Type/Pin | Constraint | Clock Loads | Non-Clock Loads | FF   | LUTRAM | RAMB | DSP | GT | MMCM | PLL | Hard IP | Net                                                                                                                                                                                            |
+-----------+-------+-----------------+------------+-------------+-----------------+------+--------+------+-----+----+------+-----+---------+------------------------------------------------------------------------------------------------------------------------------------------------------------------------------------------------+
| g0        | 8     | BUFGCE/O        | None       |        3244 |               0 | 3230 |      4 |   10 |   0 |  0 |    0 |   0 |       0 | ClockManager/main_pll/inst/clk_out7                                                                                                                                                            |
| g1        | 23    | BUFG_GT/O       | PBlock     |        3757 |               0 | 3749 |      0 |    8 |   0 |  0 |    0 |   0 |       0 | PCIe_inst/PCIe_Edge_Male_BridgeLayerObj_inst_0_top_inst/PCIe_Edge_Male_BridgeLayerObj_inst_0_inst/qpcie_xx_hip_top/g_xx_pcie3_signals.qpcie_pcie_core_inst/inst/gt_top_i/phy_clk_i/CLK_USERCLK |
| g2+       | 20    | BUFG_GT/O       | PBlock     |           0 |               0 |    0 |      0 |    0 |   0 |  0 |    0 |   0 |       0 | PCIe_inst/PCIe_Edge_Male_BridgeLayerObj_inst_0_top_inst/PCIe_Edge_Male_BridgeLayerObj_inst_0_inst/qpcie_xx_hip_top/g_xx_pcie3_signals.qpcie_pcie_core_inst/inst/gt_top_i/phy_clk_i/CLK_PCLK    |
| g3+       | 14    | BUFG_GT/O       | PBlock     |           0 |               0 |    0 |      0 |    0 |   0 |  0 |    0 |   0 |       0 | PCIe_inst/PCIe_Edge_Male_BridgeLayerObj_inst_0_top_inst/PCIe_Edge_Male_BridgeLayerObj_inst_0_inst/qpcie_xx_hip_top/g_xx_pcie3_signals.qpcie_pcie_core_inst/inst/gt_top_i/phy_clk_i/CLK_CORECLK |
| g8        | 4     | BUFGCE/O        | None       |           0 |            1065 | 1065 |      0 |    0 |   0 |  0 |    0 |   0 |       0 | ClockManager/kernel3_arstn                                                                                                                                                                     |
| g10       | 6     | BUFGCE/O        | None       |           0 |             252 |  252 |      0 |    0 |   0 |  0 |    0 |   0 |       0 | ClockManager/state_reg[0][0]                                                                                                                                                                   |
| g11       | 7     | BUFGCE/O        | None       |           0 |             129 |  129 |      0 |    0 |   0 |  0 |    0 |   0 |       0 | ControlManager/slv10_rst_ctrl/arstn_o10_sync                                                                                                                                                   |
+-----------+-------+-----------------+------------+-------------+-----------------+------+--------+------+-----+----+------+-----+---------+------------------------------------------------------------------------------------------------------------------------------------------------------------------------------------------------+
* Clock Loads column represents the clock pin loads (pin count)
** Non-Clock Loads column represents the non-clock pin loads (pin count)
*** Columns FF, LUTRAM, RAMB through 'Hard IP' represents load cell counts
**** In Global Id column, sympbol '+' indicates that global clock was used only to route through the clock region.


23. Clock Region Cell Placement per Global Clock: Region X3Y0
-------------------------------------------------------------

+-----------+-------+-----------------+------------+-------------+-----------------+------+--------+------+-----+----+------+-----+---------+------------------------------------------------------------------------------------------------------------------------------------------------------------------------------------------------+
| Global Id | Track | Driver Type/Pin | Constraint | Clock Loads | Non-Clock Loads | FF   | LUTRAM | RAMB | DSP | GT | MMCM | PLL | Hard IP | Net                                                                                                                                                                                            |
+-----------+-------+-----------------+------------+-------------+-----------------+------+--------+------+-----+----+------+-----+---------+------------------------------------------------------------------------------------------------------------------------------------------------------------------------------------------------+
| g0        | 8     | BUFGCE/O        | None       |         825 |               0 |  820 |      0 |    5 |   0 |  0 |    0 |   0 |       0 | ClockManager/main_pll/inst/clk_out7                                                                                                                                                            |
| g1        | 23    | BUFG_GT/O       | PBlock     |        5213 |               0 | 5205 |      2 |    5 |   0 |  0 |    0 |   0 |       1 | PCIe_inst/PCIe_Edge_Male_BridgeLayerObj_inst_0_top_inst/PCIe_Edge_Male_BridgeLayerObj_inst_0_inst/qpcie_xx_hip_top/g_xx_pcie3_signals.qpcie_pcie_core_inst/inst/gt_top_i/phy_clk_i/CLK_USERCLK |
| g2        | 20    | BUFG_GT/O       | PBlock     |        1562 |               0 | 1557 |      0 |    0 |   0 |  4 |    0 |   0 |       1 | PCIe_inst/PCIe_Edge_Male_BridgeLayerObj_inst_0_top_inst/PCIe_Edge_Male_BridgeLayerObj_inst_0_inst/qpcie_xx_hip_top/g_xx_pcie3_signals.qpcie_pcie_core_inst/inst/gt_top_i/phy_clk_i/CLK_PCLK    |
| g5        | 3     | BUFG_GT/O       | PBlock     |          40 |               0 |   36 |      0 |    0 |   0 |  4 |    0 |   0 |       0 | PCIe_inst/PCIe_Edge_Male_BridgeLayerObj_inst_0_top_inst/PCIe_Edge_Male_BridgeLayerObj_inst_0_inst/qpcie_xx_hip_top/g_xx_pcie3_signals.qpcie_pcie_core_inst/inst/bufg_gt_sysclk_n_0             |
| g3        | 14    | BUFG_GT/O       | PBlock     |          15 |               0 |    0 |      0 |   14 |   0 |  0 |    0 |   0 |       1 | PCIe_inst/PCIe_Edge_Male_BridgeLayerObj_inst_0_top_inst/PCIe_Edge_Male_BridgeLayerObj_inst_0_inst/qpcie_xx_hip_top/g_xx_pcie3_signals.qpcie_pcie_core_inst/inst/gt_top_i/phy_clk_i/CLK_CORECLK |
| g4        | 2     | BUFG_GT/O       | PBlock     |           1 |               0 |    0 |      0 |    0 |   0 |  0 |    0 |   0 |       1 | PCIe_inst/PCIe_Edge_Male_BridgeLayerObj_inst_0_top_inst/PCIe_Edge_Male_BridgeLayerObj_inst_0_inst/qpcie_xx_hip_top/g_xx_pcie3_signals.qpcie_pcie_core_inst/inst/gt_top_i/MCAPCLK               |
| g8        | 4     | BUFGCE/O        | None       |           0 |              70 |   70 |      0 |    0 |   0 |  0 |    0 |   0 |       0 | ClockManager/kernel3_arstn                                                                                                                                                                     |
| g10       | 6     | BUFGCE/O        | None       |           0 |              43 |   43 |      0 |    0 |   0 |  0 |    0 |   0 |       0 | ClockManager/state_reg[0][0]                                                                                                                                                                   |
+-----------+-------+-----------------+------------+-------------+-----------------+------+--------+------+-----+----+------+-----+---------+------------------------------------------------------------------------------------------------------------------------------------------------------------------------------------------------+
* Clock Loads column represents the clock pin loads (pin count)
** Non-Clock Loads column represents the non-clock pin loads (pin count)
*** Columns FF, LUTRAM, RAMB through 'Hard IP' represents load cell counts


24. Clock Region Cell Placement per Global Clock: Region X0Y1
-------------------------------------------------------------

+-----------+-------+-----------------+------------+-------------+-----------------+----+--------+------+-----+----+------+-----+---------+-------------------------------------+
| Global Id | Track | Driver Type/Pin | Constraint | Clock Loads | Non-Clock Loads | FF | LUTRAM | RAMB | DSP | GT | MMCM | PLL | Hard IP | Net                                 |
+-----------+-------+-----------------+------------+-------------+-----------------+----+--------+------+-----+----+------+-----+---------+-------------------------------------+
| g0        | 8     | BUFGCE/O        | None       |          84 |               0 | 60 |      0 |   24 |   0 |  0 |    0 |   0 |       0 | ClockManager/main_pll/inst/clk_out7 |
+-----------+-------+-----------------+------------+-------------+-----------------+----+--------+------+-----+----+------+-----+---------+-------------------------------------+
* Clock Loads column represents the clock pin loads (pin count)
** Non-Clock Loads column represents the non-clock pin loads (pin count)
*** Columns FF, LUTRAM, RAMB through 'Hard IP' represents load cell counts


25. Clock Region Cell Placement per Global Clock: Region X1Y1
-------------------------------------------------------------

+-----------+-------+-----------------+------------+-------------+-----------------+------+--------+------+-----+----+------+-----+---------+----------------------------------------------+
| Global Id | Track | Driver Type/Pin | Constraint | Clock Loads | Non-Clock Loads | FF   | LUTRAM | RAMB | DSP | GT | MMCM | PLL | Hard IP | Net                                          |
+-----------+-------+-----------------+------------+-------------+-----------------+------+--------+------+-----+----+------+-----+---------+----------------------------------------------+
| g0        | 8     | BUFGCE/O        | None       |        3006 |               0 | 2969 |      0 |   37 |   0 |  0 |    0 |   0 |       0 | ClockManager/main_pll/inst/clk_out7          |
| g8        | 4     | BUFGCE/O        | None       |           0 |             328 |  328 |      0 |    0 |   0 |  0 |    0 |   0 |       0 | ClockManager/kernel3_arstn                   |
| g10       | 6     | BUFGCE/O        | None       |           0 |             838 |  838 |      0 |    0 |   0 |  0 |    0 |   0 |       0 | ClockManager/state_reg[0][0]                 |
| g11       | 7     | BUFGCE/O        | None       |           0 |             705 |  705 |      0 |    0 |   0 |  0 |    0 |   0 |       0 | ControlManager/slv10_rst_ctrl/arstn_o10_sync |
+-----------+-------+-----------------+------------+-------------+-----------------+------+--------+------+-----+----+------+-----+---------+----------------------------------------------+
* Clock Loads column represents the clock pin loads (pin count)
** Non-Clock Loads column represents the non-clock pin loads (pin count)
*** Columns FF, LUTRAM, RAMB through 'Hard IP' represents load cell counts


26. Clock Region Cell Placement per Global Clock: Region X2Y1
-------------------------------------------------------------

+-----------+-------+-----------------+------------+-------------+-----------------+------+--------+------+-----+----+------+-----+---------+------------------------------------------------------------------------------------------------------------------------------------------------------------------------------------------------+
| Global Id | Track | Driver Type/Pin | Constraint | Clock Loads | Non-Clock Loads | FF   | LUTRAM | RAMB | DSP | GT | MMCM | PLL | Hard IP | Net                                                                                                                                                                                            |
+-----------+-------+-----------------+------------+-------------+-----------------+------+--------+------+-----+----+------+-----+---------+------------------------------------------------------------------------------------------------------------------------------------------------------------------------------------------------+
| g0        | 8     | BUFGCE/O        | None       |        5125 |               0 | 5104 |      0 |   21 |   0 |  0 |    0 |   0 |       0 | ClockManager/main_pll/inst/clk_out7                                                                                                                                                            |
| g1        | 23    | BUFG_GT/O       | PBlock     |        1680 |               0 | 1679 |      0 |    1 |   0 |  0 |    0 |   0 |       0 | PCIe_inst/PCIe_Edge_Male_BridgeLayerObj_inst_0_top_inst/PCIe_Edge_Male_BridgeLayerObj_inst_0_inst/qpcie_xx_hip_top/g_xx_pcie3_signals.qpcie_pcie_core_inst/inst/gt_top_i/phy_clk_i/CLK_USERCLK |
| g2+       | 20    | BUFG_GT/O       | PBlock     |           0 |               0 |    0 |      0 |    0 |   0 |  0 |    0 |   0 |       0 | PCIe_inst/PCIe_Edge_Male_BridgeLayerObj_inst_0_top_inst/PCIe_Edge_Male_BridgeLayerObj_inst_0_inst/qpcie_xx_hip_top/g_xx_pcie3_signals.qpcie_pcie_core_inst/inst/gt_top_i/phy_clk_i/CLK_PCLK    |
| g3+       | 14    | BUFG_GT/O       | PBlock     |           0 |               0 |    0 |      0 |    0 |   0 |  0 |    0 |   0 |       0 | PCIe_inst/PCIe_Edge_Male_BridgeLayerObj_inst_0_top_inst/PCIe_Edge_Male_BridgeLayerObj_inst_0_inst/qpcie_xx_hip_top/g_xx_pcie3_signals.qpcie_pcie_core_inst/inst/gt_top_i/phy_clk_i/CLK_CORECLK |
| g6+       | 0     | BUFGCE/O        | None       |           0 |               0 |    0 |      0 |    0 |   0 |  0 |    0 |   0 |       0 | LGDN_DRM_CONTROLLER_INSTANCE/ID_S_1df472a8_24b666ab_E/ID_S_3afb759d_2b34b631_E/ID_S_78541a27_176b2e60_E/ID_S_1d8786f9_5b74bd89_E.ID_S_47bde6c_6ecb5d1c_E/ID_S_2c9b386b_52f26d05_E0             |
| g7        | 1     | BUFGCE/O        | None       |           0 |              38 |   38 |      0 |    0 |   0 |  0 |    0 |   0 |       0 | ClockManager/Q[0]                                                                                                                                                                              |
| g8        | 4     | BUFGCE/O        | None       |           0 |            1022 | 1022 |      0 |    0 |   0 |  0 |    0 |   0 |       0 | ClockManager/kernel3_arstn                                                                                                                                                                     |
| g10       | 6     | BUFGCE/O        | None       |           0 |            1799 | 1799 |      0 |    0 |   0 |  0 |    0 |   0 |       0 | ClockManager/state_reg[0][0]                                                                                                                                                                   |
| g11       | 7     | BUFGCE/O        | None       |           0 |             492 |  492 |      0 |    0 |   0 |  0 |    0 |   0 |       0 | ControlManager/slv10_rst_ctrl/arstn_o10_sync                                                                                                                                                   |
+-----------+-------+-----------------+------------+-------------+-----------------+------+--------+------+-----+----+------+-----+---------+------------------------------------------------------------------------------------------------------------------------------------------------------------------------------------------------+
* Clock Loads column represents the clock pin loads (pin count)
** Non-Clock Loads column represents the non-clock pin loads (pin count)
*** Columns FF, LUTRAM, RAMB through 'Hard IP' represents load cell counts
**** In Global Id column, sympbol '+' indicates that global clock was used only to route through the clock region.


27. Clock Region Cell Placement per Global Clock: Region X3Y1
-------------------------------------------------------------

+-----------+-------+-----------------+------------+-------------+-----------------+------+--------+------+-----+----+------+-----+---------+------------------------------------------------------------------------------------------------------------------------------------------------------------------------------------------------+
| Global Id | Track | Driver Type/Pin | Constraint | Clock Loads | Non-Clock Loads | FF   | LUTRAM | RAMB | DSP | GT | MMCM | PLL | Hard IP | Net                                                                                                                                                                                            |
+-----------+-------+-----------------+------------+-------------+-----------------+------+--------+------+-----+----+------+-----+---------+------------------------------------------------------------------------------------------------------------------------------------------------------------------------------------------------+
| g0        | 8     | BUFGCE/O        | None       |        3775 |               0 | 3759 |      4 |   11 |   0 |  0 |    0 |   0 |       0 | ClockManager/main_pll/inst/clk_out7                                                                                                                                                            |
| g1        | 23    | BUFG_GT/O       | PBlock     |        2132 |               0 | 2126 |      1 |    5 |   0 |  0 |    0 |   0 |       0 | PCIe_inst/PCIe_Edge_Male_BridgeLayerObj_inst_0_top_inst/PCIe_Edge_Male_BridgeLayerObj_inst_0_inst/qpcie_xx_hip_top/g_xx_pcie3_signals.qpcie_pcie_core_inst/inst/gt_top_i/phy_clk_i/CLK_USERCLK |
| g2        | 20    | BUFG_GT/O       | PBlock     |         477 |               0 |  473 |      0 |    0 |   0 |  4 |    0 |   0 |       0 | PCIe_inst/PCIe_Edge_Male_BridgeLayerObj_inst_0_top_inst/PCIe_Edge_Male_BridgeLayerObj_inst_0_inst/qpcie_xx_hip_top/g_xx_pcie3_signals.qpcie_pcie_core_inst/inst/gt_top_i/phy_clk_i/CLK_PCLK    |
| g5        | 3     | BUFG_GT/O       | PBlock     |         191 |               0 |  183 |      4 |    0 |   0 |  4 |    0 |   0 |       0 | PCIe_inst/PCIe_Edge_Male_BridgeLayerObj_inst_0_top_inst/PCIe_Edge_Male_BridgeLayerObj_inst_0_inst/qpcie_xx_hip_top/g_xx_pcie3_signals.qpcie_pcie_core_inst/inst/bufg_gt_sysclk_n_0             |
| g3+       | 14    | BUFG_GT/O       | PBlock     |           0 |               0 |    0 |      0 |    0 |   0 |  0 |    0 |   0 |       0 | PCIe_inst/PCIe_Edge_Male_BridgeLayerObj_inst_0_top_inst/PCIe_Edge_Male_BridgeLayerObj_inst_0_inst/qpcie_xx_hip_top/g_xx_pcie3_signals.qpcie_pcie_core_inst/inst/gt_top_i/phy_clk_i/CLK_CORECLK |
| g6+       | 0     | BUFGCE/O        | None       |           0 |               0 |    0 |      0 |    0 |   0 |  0 |    0 |   0 |       0 | LGDN_DRM_CONTROLLER_INSTANCE/ID_S_1df472a8_24b666ab_E/ID_S_3afb759d_2b34b631_E/ID_S_78541a27_176b2e60_E/ID_S_1d8786f9_5b74bd89_E.ID_S_47bde6c_6ecb5d1c_E/ID_S_2c9b386b_52f26d05_E0             |
| g4+       | 2     | BUFG_GT/O       | PBlock     |           0 |               0 |    0 |      0 |    0 |   0 |  0 |    0 |   0 |       0 | PCIe_inst/PCIe_Edge_Male_BridgeLayerObj_inst_0_top_inst/PCIe_Edge_Male_BridgeLayerObj_inst_0_inst/qpcie_xx_hip_top/g_xx_pcie3_signals.qpcie_pcie_core_inst/inst/gt_top_i/MCAPCLK               |
| g7        | 1     | BUFGCE/O        | None       |           0 |             231 |  231 |      0 |    0 |   0 |  0 |    0 |   0 |       0 | ClockManager/Q[0]                                                                                                                                                                              |
| g8        | 4     | BUFGCE/O        | None       |           0 |             601 |  601 |      0 |    0 |   0 |  0 |    0 |   0 |       0 | ClockManager/kernel3_arstn                                                                                                                                                                     |
| g10       | 6     | BUFGCE/O        | None       |           0 |              64 |   64 |      0 |    0 |   0 |  0 |    0 |   0 |       0 | ClockManager/state_reg[0][0]                                                                                                                                                                   |
| g11       | 7     | BUFGCE/O        | None       |           0 |             125 |  125 |      0 |    0 |   0 |  0 |    0 |   0 |       0 | ControlManager/slv10_rst_ctrl/arstn_o10_sync                                                                                                                                                   |
+-----------+-------+-----------------+------------+-------------+-----------------+------+--------+------+-----+----+------+-----+---------+------------------------------------------------------------------------------------------------------------------------------------------------------------------------------------------------+
* Clock Loads column represents the clock pin loads (pin count)
** Non-Clock Loads column represents the non-clock pin loads (pin count)
*** Columns FF, LUTRAM, RAMB through 'Hard IP' represents load cell counts
**** In Global Id column, sympbol '+' indicates that global clock was used only to route through the clock region.


28. Clock Region Cell Placement per Global Clock: Region X0Y2
-------------------------------------------------------------

+-----------+-------+-----------------+------------+-------------+-----------------+----+--------+------+-----+----+------+-----+---------+-------------------------------------+
| Global Id | Track | Driver Type/Pin | Constraint | Clock Loads | Non-Clock Loads | FF | LUTRAM | RAMB | DSP | GT | MMCM | PLL | Hard IP | Net                                 |
+-----------+-------+-----------------+------------+-------------+-----------------+----+--------+------+-----+----+------+-----+---------+-------------------------------------+
| g0        | 8     | BUFGCE/O        | None       |           8 |               0 |  0 |      0 |    8 |   0 |  0 |    0 |   0 |       0 | ClockManager/main_pll/inst/clk_out7 |
+-----------+-------+-----------------+------------+-------------+-----------------+----+--------+------+-----+----+------+-----+---------+-------------------------------------+
* Clock Loads column represents the clock pin loads (pin count)
** Non-Clock Loads column represents the non-clock pin loads (pin count)
*** Columns FF, LUTRAM, RAMB through 'Hard IP' represents load cell counts


29. Clock Region Cell Placement per Global Clock: Region X1Y2
-------------------------------------------------------------

+-----------+-------+-----------------+------------+-------------+-----------------+----+--------+------+-----+----+------+-----+---------+-------------------------------------+
| Global Id | Track | Driver Type/Pin | Constraint | Clock Loads | Non-Clock Loads | FF | LUTRAM | RAMB | DSP | GT | MMCM | PLL | Hard IP | Net                                 |
+-----------+-------+-----------------+------------+-------------+-----------------+----+--------+------+-----+----+------+-----+---------+-------------------------------------+
| g0        | 8     | BUFGCE/O        | None       |          72 |               0 | 48 |      0 |   24 |   0 |  0 |    0 |   0 |       0 | ClockManager/main_pll/inst/clk_out7 |
| g8        | 4     | BUFGCE/O        | None       |           0 |              48 | 48 |      0 |    0 |   0 |  0 |    0 |   0 |       0 | ClockManager/kernel3_arstn          |
+-----------+-------+-----------------+------------+-------------+-----------------+----+--------+------+-----+----+------+-----+---------+-------------------------------------+
* Clock Loads column represents the clock pin loads (pin count)
** Non-Clock Loads column represents the non-clock pin loads (pin count)
*** Columns FF, LUTRAM, RAMB through 'Hard IP' represents load cell counts


30. Clock Region Cell Placement per Global Clock: Region X2Y2
-------------------------------------------------------------

+-----------+-------+-----------------+------------+-------------+-----------------+------+--------+------+-----+----+------+-----+---------+----------------------------------------------+
| Global Id | Track | Driver Type/Pin | Constraint | Clock Loads | Non-Clock Loads | FF   | LUTRAM | RAMB | DSP | GT | MMCM | PLL | Hard IP | Net                                          |
+-----------+-------+-----------------+------------+-------------+-----------------+------+--------+------+-----+----+------+-----+---------+----------------------------------------------+
| g0        | 8     | BUFGCE/O        | None       |        4608 |               0 | 4591 |      2 |   15 |   0 |  0 |    0 |   0 |       0 | ClockManager/main_pll/inst/clk_out7          |
| g7        | 1     | BUFGCE/O        | None       |           0 |            2786 | 2786 |      0 |    0 |   0 |  0 |    0 |   0 |       0 | ClockManager/Q[0]                            |
| g8        | 4     | BUFGCE/O        | None       |           0 |             179 |  179 |      0 |    0 |   0 |  0 |    0 |   0 |       0 | ClockManager/kernel3_arstn                   |
| g10       | 6     | BUFGCE/O        | None       |           0 |              30 |   30 |      0 |    0 |   0 |  0 |    0 |   0 |       0 | ClockManager/state_reg[0][0]                 |
| g11+      | 7     | BUFGCE/O        | None       |           0 |               0 |    0 |      0 |    0 |   0 |  0 |    0 |   0 |       0 | ControlManager/slv10_rst_ctrl/arstn_o10_sync |
+-----------+-------+-----------------+------------+-------------+-----------------+------+--------+------+-----+----+------+-----+---------+----------------------------------------------+
* Clock Loads column represents the clock pin loads (pin count)
** Non-Clock Loads column represents the non-clock pin loads (pin count)
*** Columns FF, LUTRAM, RAMB through 'Hard IP' represents load cell counts
**** In Global Id column, sympbol '+' indicates that global clock was used only to route through the clock region.


31. Clock Region Cell Placement per Global Clock: Region X3Y2
-------------------------------------------------------------

+-----------+-------+-----------------+------------+-------------+-----------------+------+--------+------+-----+----+------+-----+---------+------------------------------------------------------------------------------------------------------------------------------------------------------------------------------------+
| Global Id | Track | Driver Type/Pin | Constraint | Clock Loads | Non-Clock Loads | FF   | LUTRAM | RAMB | DSP | GT | MMCM | PLL | Hard IP | Net                                                                                                                                                                                |
+-----------+-------+-----------------+------------+-------------+-----------------+------+--------+------+-----+----+------+-----+---------+------------------------------------------------------------------------------------------------------------------------------------------------------------------------------------+
| g0        | 8     | BUFGCE/O        | None       |        3001 |               0 | 2996 |      1 |    4 |   0 |  0 |    0 |   0 |       0 | ClockManager/main_pll/inst/clk_out7                                                                                                                                                |
| g6        | 0     | BUFGCE/O        | None       |          32 |               0 |   32 |      0 |    0 |   0 |  0 |    0 |   0 |       0 | LGDN_DRM_CONTROLLER_INSTANCE/ID_S_1df472a8_24b666ab_E/ID_S_3afb759d_2b34b631_E/ID_S_78541a27_176b2e60_E/ID_S_1d8786f9_5b74bd89_E.ID_S_47bde6c_6ecb5d1c_E/ID_S_2c9b386b_52f26d05_E0 |
| g7        | 1     | BUFGCE/O        | None       |           0 |            2891 | 2891 |      0 |    0 |   0 |  0 |    0 |   0 |       0 | ClockManager/Q[0]                                                                                                                                                                  |
+-----------+-------+-----------------+------------+-------------+-----------------+------+--------+------+-----+----+------+-----+---------+------------------------------------------------------------------------------------------------------------------------------------------------------------------------------------+
* Clock Loads column represents the clock pin loads (pin count)
** Non-Clock Loads column represents the non-clock pin loads (pin count)
*** Columns FF, LUTRAM, RAMB through 'Hard IP' represents load cell counts


32. Clock Region Cell Placement per Global Clock: Region X2Y3
-------------------------------------------------------------

+-----------+-------+-----------------+------------+-------------+-----------------+----+--------+------+-----+----+------+-----+---------+--------------------------------------------------+
| Global Id | Track | Driver Type/Pin | Constraint | Clock Loads | Non-Clock Loads | FF | LUTRAM | RAMB | DSP | GT | MMCM | PLL | Hard IP | Net                                              |
+-----------+-------+-----------------+------------+-------------+-----------------+----+--------+------+-----+----+------+-----+---------+--------------------------------------------------+
| g0+       | 8     | BUFGCE/O        | None       |           0 |               0 |  0 |      0 |    0 |   0 |  0 |    0 |   0 |       0 | ClockManager/main_pll/inst/clk_out7              |
| g7+       | 1     | BUFGCE/O        | None       |           0 |               0 |  0 |      0 |    0 |   0 |  0 |    0 |   0 |       0 | ClockManager/Q[0]                                |
| g9        | 2     | BUFGCE/O        | None       |           0 |               1 |  0 |      0 |    0 |   0 |  0 |    1 |   0 |       0 | ClockManager/main_pll/inst/clkfbout_buf_main_pll |
+-----------+-------+-----------------+------------+-------------+-----------------+----+--------+------+-----+----+------+-----+---------+--------------------------------------------------+
* Clock Loads column represents the clock pin loads (pin count)
** Non-Clock Loads column represents the non-clock pin loads (pin count)
*** Columns FF, LUTRAM, RAMB through 'Hard IP' represents load cell counts
**** In Global Id column, sympbol '+' indicates that global clock was used only to route through the clock region.


